<?xml version="1.0" encoding="UTF-8"?>
<!-- Generated by org.testng.reporters.JUnitReportReporter -->
<testsuite hostname="LAPTOP-115D7HF3" failures="5" tests="5" name="com.qa.testscripts.TC_Amazon_001" time="25.030" errors="0" timestamp="2022-02-28T16:51:38 IST" skipped="0">
  <testcase classname="com.qa.testscripts.TC_Amazon_001" name="searchItem" time="5.167">
    <failure message="The following asserts failed:
	expected [true] but found [false]" type="java.lang.AssertionError">
      <![CDATA[java.lang.AssertionError: The following asserts failed:
expected [true] but found [false]
at org.testng.asserts.SoftAssert.assertAll(SoftAssert.java:47)
at org.testng.asserts.SoftAssert.assertAll(SoftAssert.java:31)
at com.qa.testscripts.TC_Amazon_001.searchItem(TC_Amazon_001.java:47)
at java.base/jdk.internal.reflect.NativeMethodAccessorImpl.invoke0(Native Method)
at java.base/jdk.internal.reflect.NativeMethodAccessorImpl.invoke(NativeMethodAccessorImpl.java:77)
at java.base/jdk.internal.reflect.DelegatingMethodAccessorImpl.invoke(DelegatingMethodAccessorImpl.java:43)
at java.base/java.lang.reflect.Method.invoke(Method.java:568)
at org.testng.internal.MethodInvocationHelper.invokeMethod(MethodInvocationHelper.java:133)
at org.testng.internal.TestInvoker.invokeMethod(TestInvoker.java:598)
at org.testng.internal.TestInvoker.invokeTestMethod(TestInvoker.java:173)
at org.testng.internal.MethodRunner.runInSequence(MethodRunner.java:46)
at org.testng.internal.TestInvoker$MethodInvocationAgent.invoke(TestInvoker.java:824)
at org.testng.internal.TestInvoker.invokeTestMethods(TestInvoker.java:146)
at org.testng.internal.TestMethodWorker.invokeTestMethods(TestMethodWorker.java:146)
at org.testng.internal.TestMethodWorker.run(TestMethodWorker.java:128)
at java.base/java.util.concurrent.ThreadPoolExecutor.runWorker(ThreadPoolExecutor.java:1136)
at java.base/java.util.concurrent.ThreadPoolExecutor$Worker.run(ThreadPoolExecutor.java:635)
at java.base/java.lang.Thread.run(Thread.java:833)
]]>
    </failure>
  </testcase> <!-- searchItem -->
  <system-out>
    <![CDATA[Title of the page incorrect
Did you mean
Samsung Galaxy S22 5G (Phantom White, 8GB, 128GB Storage) + Samsung Galaxy Buds 2
Samsung Galaxy S22 Ultra 5G (Burgundy, 12GB, 256GB Storage) + Samsung Galaxy Buds 2
OPPO A31 (Fantasy White, 6GB RAM, 128GB Storage) with No Cost EMI/Additional Exchange Offers
Nokia 105 Single SIM (Black)
Redmi 9A (Sea Blue 3GB RAM 32GB Storage)| 2GHz Octa-core Helio G25 Processor | 5000 mAh Battery
NOKIA 105 Dual SIM (Black)
OPPO A74 5G (Fantastic Purple,6GB RAM,128GB Storage) - 5G Android Smartphone | 5000 mAh Battery | 18W Fast Charge | 90Hz LCD Display
Micromax X412 (Blue, Auto Call Recording, 800mAh)
OPPO A31 (Mystery Black, 6GB RAM, 128GB Storage) with No Cost EMI/Additional Exchange Offers
Jio Phone Next 32 GB ROM, 2 GB RAM, Blue Smartphone
Nokia 5310 Dual SIM Feature Phone with MP3 Player, Wireless FM Radio and Rear Camera (White/Red)
Nokia 105 Single SIM (Blue)
OPPO A74 5G (Fluid Black,6GB RAM,128GB Storage) - 5G Android Smartphone | 5000 mAh Battery | 18W Fast Charge | 90Hz LCD Display
Inovu A7i Dual Sim Feature Mobile Phone with 1000 mAh Battery (Black+Red)
Vivo Y33T (Mid Day Dream, 8GB RAM, 128GB ROM) with No Cost EMI/Additional Exchange Offers
Nokia 110 Dual SIM (Black)
Lava A5 (Gold)
G'Five A2 Dual Sim, White Grey
Nokia 225 4G Dual SIM Feature Phone with Long Battery Life, Camera, Multiplayer Games, and Premium Finish – Black Colour
Kechaoda K10 Finger Sized Bluetooth Phone with Single Sim, 0.66 Inch Display, 300mAh Battery, Bluetooth Dialler, Wireless FM (Golden)
I KALL Z1 Smartphone (4GB, 32GB) (Grey)
NOKIA 105 Dual SIM (Dark Blue)
Nokia 105 Single SIM (Pink)
Samsung Guru Music 2 (SM-B310E, Black)
Nokia 150 (2020) (Black)
Lava A1 Josh 21-Dual Sim |Call Blink Notfication |auto Call recoding |Military Grade Certified with 4 Day Battery Backup, Blue Silver
Nokia 110 Dual SIM (Blue)
Samsung Galaxy M12 (Blue,6GB RAM, 128GB Storage) 6 Months Free Screen Replacement for Prime
I KALL Z7 Smartphone (4GB, 32GB) (Blue)
I KALL Z8 4G Smartphone (3GB, 16GB) (Cyan)]]>
  </system-out>
  <testcase classname="com.qa.testscripts.TC_Amazon_001" name="searchItem" time="3.584">
    <failure message="The following asserts failed:
	expected [true] but found [false]" type="java.lang.AssertionError">
      <![CDATA[java.lang.AssertionError: The following asserts failed:
expected [true] but found [false]
at org.testng.asserts.SoftAssert.assertAll(SoftAssert.java:47)
at org.testng.asserts.SoftAssert.assertAll(SoftAssert.java:31)
at com.qa.testscripts.TC_Amazon_001.searchItem(TC_Amazon_001.java:47)
at java.base/jdk.internal.reflect.NativeMethodAccessorImpl.invoke0(Native Method)
at java.base/jdk.internal.reflect.NativeMethodAccessorImpl.invoke(NativeMethodAccessorImpl.java:77)
at java.base/jdk.internal.reflect.DelegatingMethodAccessorImpl.invoke(DelegatingMethodAccessorImpl.java:43)
at java.base/java.lang.reflect.Method.invoke(Method.java:568)
at org.testng.internal.MethodInvocationHelper.invokeMethod(MethodInvocationHelper.java:133)
at org.testng.internal.TestInvoker.invokeMethod(TestInvoker.java:598)
at org.testng.internal.TestInvoker.invokeTestMethod(TestInvoker.java:173)
at org.testng.internal.MethodRunner.runInSequence(MethodRunner.java:46)
at org.testng.internal.TestInvoker$MethodInvocationAgent.invoke(TestInvoker.java:824)
at org.testng.internal.TestInvoker.invokeTestMethods(TestInvoker.java:146)
at org.testng.internal.TestMethodWorker.invokeTestMethods(TestMethodWorker.java:146)
at org.testng.internal.TestMethodWorker.run(TestMethodWorker.java:128)
at java.base/java.util.concurrent.ThreadPoolExecutor.runWorker(ThreadPoolExecutor.java:1136)
at java.base/java.util.concurrent.ThreadPoolExecutor$Worker.run(ThreadPoolExecutor.java:635)
at java.base/java.lang.Thread.run(Thread.java:833)
]]>
    </failure>
  </testcase> <!-- searchItem -->
  <system-out>
    <![CDATA[Title of the page incorrect]]>
  </system-out>
  <testcase classname="com.qa.testscripts.TC_Amazon_001" name="searchItem" time="5.389">
    <failure message="The following asserts failed:
	expected [true] but found [false]" type="java.lang.AssertionError">
      <![CDATA[java.lang.AssertionError: The following asserts failed:
expected [true] but found [false]
at org.testng.asserts.SoftAssert.assertAll(SoftAssert.java:47)
at org.testng.asserts.SoftAssert.assertAll(SoftAssert.java:31)
at com.qa.testscripts.TC_Amazon_001.searchItem(TC_Amazon_001.java:47)
at java.base/jdk.internal.reflect.NativeMethodAccessorImpl.invoke0(Native Method)
at java.base/jdk.internal.reflect.NativeMethodAccessorImpl.invoke(NativeMethodAccessorImpl.java:77)
at java.base/jdk.internal.reflect.DelegatingMethodAccessorImpl.invoke(DelegatingMethodAccessorImpl.java:43)
at java.base/java.lang.reflect.Method.invoke(Method.java:568)
at org.testng.internal.MethodInvocationHelper.invokeMethod(MethodInvocationHelper.java:133)
at org.testng.internal.TestInvoker.invokeMethod(TestInvoker.java:598)
at org.testng.internal.TestInvoker.invokeTestMethod(TestInvoker.java:173)
at org.testng.internal.MethodRunner.runInSequence(MethodRunner.java:46)
at org.testng.internal.TestInvoker$MethodInvocationAgent.invoke(TestInvoker.java:824)
at org.testng.internal.TestInvoker.invokeTestMethods(TestInvoker.java:146)
at org.testng.internal.TestMethodWorker.invokeTestMethods(TestMethodWorker.java:146)
at org.testng.internal.TestMethodWorker.run(TestMethodWorker.java:128)
at java.base/java.util.concurrent.ThreadPoolExecutor.runWorker(ThreadPoolExecutor.java:1136)
at java.base/java.util.concurrent.ThreadPoolExecutor$Worker.run(ThreadPoolExecutor.java:635)
at java.base/java.lang.Thread.run(Thread.java:833)
]]>
    </failure>
  </testcase> <!-- searchItem -->
  <system-out>
    <![CDATA[Title of the page incorrect
The Da Vinci Code: (Robert Langdon Book 2)
The Da Vinci Code (Abridged Edition)
The Da Vinci Code: (Robert Langdon Book 2)+Angels and Demons: (Robert Langdon Book 1)+Digital Fortress(Set of 3books)
The Da Vinci Code
The Da Vinci Code: A Novel: 2 (Robert Langdon)
DA VINCI CODE
Der Da Vinci Code: Robert Langdon 2
Breaking the Da Vinci Code
World’s Greatest Classics (Box Set of 4 Books)
The Time Machine
Davinci Code
The Da Vinci Code: (Robert Langdon Book 2)+The Lost Symbol: (Robert Langdon Book 3)(Set of 2books)
The Da Vinci Code: Facts and Fallacies at the 92nd Street Y
The Da Vinci Code
The Da Vinci Code
The Da Vinci Code Revisited
The Da Vinci Code
The Book Thief & The Da Vinci Code: (Robert Langdon Book 2)
War & Peace
The Republic
Heart of Darkness
Macbeth]]>
  </system-out>
  <testcase classname="com.qa.testscripts.TC_Amazon_001" name="searchItem" time="5.911">
    <failure message="The following asserts failed:
	expected [true] but found [false]" type="java.lang.AssertionError">
      <![CDATA[java.lang.AssertionError: The following asserts failed:
expected [true] but found [false]
at org.testng.asserts.SoftAssert.assertAll(SoftAssert.java:47)
at org.testng.asserts.SoftAssert.assertAll(SoftAssert.java:31)
at com.qa.testscripts.TC_Amazon_001.searchItem(TC_Amazon_001.java:47)
at java.base/jdk.internal.reflect.NativeMethodAccessorImpl.invoke0(Native Method)
at java.base/jdk.internal.reflect.NativeMethodAccessorImpl.invoke(NativeMethodAccessorImpl.java:77)
at java.base/jdk.internal.reflect.DelegatingMethodAccessorImpl.invoke(DelegatingMethodAccessorImpl.java:43)
at java.base/java.lang.reflect.Method.invoke(Method.java:568)
at org.testng.internal.MethodInvocationHelper.invokeMethod(MethodInvocationHelper.java:133)
at org.testng.internal.TestInvoker.invokeMethod(TestInvoker.java:598)
at org.testng.internal.TestInvoker.invokeTestMethod(TestInvoker.java:173)
at org.testng.internal.MethodRunner.runInSequence(MethodRunner.java:46)
at org.testng.internal.TestInvoker$MethodInvocationAgent.invoke(TestInvoker.java:824)
at org.testng.internal.TestInvoker.invokeTestMethods(TestInvoker.java:146)
at org.testng.internal.TestMethodWorker.invokeTestMethods(TestMethodWorker.java:146)
at org.testng.internal.TestMethodWorker.run(TestMethodWorker.java:128)
at java.base/java.util.concurrent.ThreadPoolExecutor.runWorker(ThreadPoolExecutor.java:1136)
at java.base/java.util.concurrent.ThreadPoolExecutor$Worker.run(ThreadPoolExecutor.java:635)
at java.base/java.lang.Thread.run(Thread.java:833)
]]>
    </failure>
  </testcase> <!-- searchItem -->
  <system-out>
    <![CDATA[Title of the page incorrect
Samsung 8.0 kg / 6.0 kg Wi-Fi Enabled Inverter Fully-Automatic Washer Dryer (WD80T604DBX/TL, Inox, AI Control)
AmazonBasics 6.5 kg Fully-Automatic Top Load Washing Machine (Grey/Black, Full Metal body, LED Display)
Samsung 6.5 kg Fully-Automatic Top Loading Washing Machine (WA65A4002VS/TL, Imperial Silver, Diamond Drum)
Samsung 6.5 Kg 5 Star Inverter Fully-Automatic Top Loading Washing Machine (WA65T4262GG/TL, Light Grey, Wobble technology)
Whirlpool 7 Kg 5 Star Semi-Automatic Top Loading Washing Machine (SUPERB ATOM 7.0, Grey Dazzle, TurboScrub Technology)
Panasonic Econavi 8 Kg 5 Star Built-In Heater Fully-Automatic Top Loading Washing Machine (NA-F80V9LRB, Silver, Stain Master+)
IFB 7 Kg 5 Star Fully-Automatic Front Loading Washing Machine (Neo Diva BX, White, In-Built Heater)
Samsung 7.2 kg Semi-Automatic Top Loading Washing Machine (WT725QPNDMP, White and Blue, Center Jet Pulsator)
Samsung 6.0 Kg Inverter 5 Star Fully-Automatic Front Loading Washing Machine (WW60R20GLMA/TL, White, Hygiene Steam)
Panasonic 6.5 kg 5 Star Semi-Automatic Top Loading Washing Machine (NA-W65E5ARB, Blue, Powerful Motor)
IFB 8 Kg 5 Star Fully-Automatic Front Loading Washing Machine (Senator WXS, Silver)
LG 6.5 Kg 5 Star Smart Inverter Fully-Automatic Top Loading Washing Machine (T65SKSF4Z, Middle Free Silver)
Whirlpool 7 Kg 5 Star Royal Plus Fully-Automatic Top Loading Washing Machine (WHITEMAGIC ROYAL PLUS 7.0, Grey, Hard Water Wash)
Whirlpool 7.5 Kg 5 Star Semi-Automatic Top Loading Washing Machine (ACE 7.5 SUPREME, Grey Dazzle)
LG 7 kg 5 Star Inverter Fully-Automatic Top Loading Washing Machine (T70SKSF1Z, Middle Free Silver, TurboDrum)
Whirlpool 7.5 Kg 5 Star Royal Plus Fully-Automatic Top Loading Washing Machine (WHITEMAGIC ROYAL PLUS 7.5, Grey, Hard Water Wash)
Whirlpool 7.5 Kg 5 Star Fully-Automatic Top Loading Washing Machine (WHITEMAGIC ELITE 7.5, Grey, Hard Water Wash)
Godrej 6.2 Kg Fully-Automatic Top Loading Washing Machine (WT EON 620 A Gp Gr, Grey)
IFB 6 Kg 5 Star Fully-Automatic Front Loading Washing Machine (Diva Plus BX, White, Inbuilt Heater, Ball Valve Technology)
Godrej 6 Kg 5 Star Fully-Automatic Top Loading Washing Machine (WTEON 600 AD 5.0 ROGR, Grey, Acu Wash Drum)
Whirlpool 7 Kg 5 Star Royal Fully-Automatic Top Loading Washing Machine (WHITEMAGIC ROYAL 7.0 GENX, Grey, Hard Water Wash)
Samsung 7 Kg 5 Star Inverter Fully-Automatic Top Loading Washing Machine (WA70T4262GS/TL, Imperial Silver, Wobble technology)
Whirlpool 6 Kg 5 Star Semi-Automatic Top Loading Washing Machine (SUPERB ATOM 60I, Grey Dazzle)
DMR Portable 3 kg Mini Top-Load Washing Machine with Dryer Basket (DMR 30-1208, Black)
AmazonBasics 6.5 kg Fully-Automatic Top Load Washing Machine (Grey/Black, Full Metal body, LED Display)
Whirlpool 7.5 Kg 5 Star Royal Plus Fully-Automatic Top Loading Washing Machine (WHITEMAGIC ROYAL PLUS 7.5, Grey, Hard Water Wash)
Whirlpool 8 Kg 5 Star Semi-Automatic Top Loading Washing Machine (ACE 8.0 TURBO DRY, Grey Dazzle)
Samsung 6.0 Kg 5 Star Semi-Automatic Top Loading Washing Machine (WT60R2000LL/TL, Light Grey, Center jet technology)
Panasonic 7 Kg 5 Star Fully-Automatic Top Loading Washing Machine (NA-F70LF1HRB, Grey)
Whirlpool 9.5 kg Fully-Automatic Top Loading Washing Machine (360° BLOOMWASH PRO Heater 9.5, Graphite, In-built Heater)
Whirlpool 7.5 Kg 5 Star Fully-Automatic Top Loading Washing Machine with In-Built Heater (360 BLOOMWASH PRO (540) H 7.5, Graphite, Hexa Bloom Impeller)]]>
  </system-out>
  <testcase classname="com.qa.testscripts.TC_Amazon_001" name="searchItem" time="4.979">
    <failure message="The following asserts failed:
	expected [true] but found [false]" type="java.lang.AssertionError">
      <![CDATA[java.lang.AssertionError: The following asserts failed:
expected [true] but found [false]
at org.testng.asserts.SoftAssert.assertAll(SoftAssert.java:47)
at org.testng.asserts.SoftAssert.assertAll(SoftAssert.java:31)
at com.qa.testscripts.TC_Amazon_001.searchItem(TC_Amazon_001.java:47)
at java.base/jdk.internal.reflect.NativeMethodAccessorImpl.invoke0(Native Method)
at java.base/jdk.internal.reflect.NativeMethodAccessorImpl.invoke(NativeMethodAccessorImpl.java:77)
at java.base/jdk.internal.reflect.DelegatingMethodAccessorImpl.invoke(DelegatingMethodAccessorImpl.java:43)
at java.base/java.lang.reflect.Method.invoke(Method.java:568)
at org.testng.internal.MethodInvocationHelper.invokeMethod(MethodInvocationHelper.java:133)
at org.testng.internal.TestInvoker.invokeMethod(TestInvoker.java:598)
at org.testng.internal.TestInvoker.invokeTestMethod(TestInvoker.java:173)
at org.testng.internal.MethodRunner.runInSequence(MethodRunner.java:46)
at org.testng.internal.TestInvoker$MethodInvocationAgent.invoke(TestInvoker.java:824)
at org.testng.internal.TestInvoker.invokeTestMethods(TestInvoker.java:146)
at org.testng.internal.TestMethodWorker.invokeTestMethods(TestMethodWorker.java:146)
at org.testng.internal.TestMethodWorker.run(TestMethodWorker.java:128)
at java.base/java.util.concurrent.ThreadPoolExecutor.runWorker(ThreadPoolExecutor.java:1136)
at java.base/java.util.concurrent.ThreadPoolExecutor$Worker.run(ThreadPoolExecutor.java:635)
at java.base/java.lang.Thread.run(Thread.java:833)
]]>
    </failure>
  </testcase> <!-- searchItem -->
  <system-out>
    <![CDATA[Title of the page incorrect
Xiqarn Multi-Purpose Laptop Desk for Study and Reading with Foldable Non-Slip Legs Reading Table Tray, Laptop Table, Laptop Stands, Laptop Desk, Foldable Study Laptop Table, Study Table (Wooden)]]>
  </system-out>
</testsuite> <!-- com.qa.testscripts.TC_Amazon_001 -->
